<?xml version="1.0" encoding="UTF-8"?>
<!-- Generated by org.testng.reporters.JUnitReportReporter -->
<testsuite hostname="LAPTOP-INQHA09L" failures="0" tests="4" name="dataDriven.DataDrivenTest" time="15.538" errors="0" timestamp="2022-01-18T14:59:55 IST" skipped="0">
  <testcase classname="dataDriven.DataDrivenTest" name="loginTest" time="1.640"/>
  <system-out/>
  <testcase classname="dataDriven.DataDrivenTest" name="loginTest" time="2.483"/>
  <system-out/>
  <testcase classname="dataDriven.DataDrivenTest" name="loginTest" time="1.623"/>
  <system-out/>
  <testcase classname="dataDriven.DataDrivenTest" name="loginTest" time="9.792"/>
  <system-out/>
</testsuite> <!-- dataDriven.DataDrivenTest -->
